[2023-10-27T01:01:26.689+0000] {processor.py:157} INFO - Started process (PID=820) to work on /opt/airflow/dags/reddit_dag.py
[2023-10-27T01:01:26.694+0000] {processor.py:829} INFO - Processing file /opt/airflow/dags/reddit_dag.py for tasks to queue
[2023-10-27T01:01:26.709+0000] {logging_mixin.py:151} INFO - [2023-10-27T01:01:26.705+0000] {dagbag.py:536} INFO - Filling up the DagBag from /opt/airflow/dags/reddit_dag.py
[2023-10-27T01:01:26.757+0000] {logging_mixin.py:151} INFO - [2023-10-27T01:01:26.736+0000] {dagbag.py:346} ERROR - Failed to import: /opt/airflow/dags/reddit_dag.py
Traceback (most recent call last):
  File "/home/airflow/.local/lib/python3.9/site-packages/airflow/models/dagbag.py", line 342, in parse
    loader.exec_module(new_module)
  File "<frozen importlib._bootstrap_external>", line 850, in exec_module
  File "<frozen importlib._bootstrap>", line 228, in _call_with_frames_removed
  File "/opt/airflow/dags/reddit_dag.py", line 27, in <module>
    python_callable=reddit_pipeline,
NameError: name 'reddit_pipeline' is not defined
[2023-10-27T01:01:26.758+0000] {processor.py:841} WARNING - No viable dags retrieved from /opt/airflow/dags/reddit_dag.py
[2023-10-27T01:01:26.799+0000] {processor.py:179} INFO - Processing /opt/airflow/dags/reddit_dag.py took 0.121 seconds
[2023-10-27T01:59:14.016+0000] {processor.py:157} INFO - Started process (PID=821) to work on /opt/airflow/dags/reddit_dag.py
[2023-10-27T01:59:14.021+0000] {processor.py:829} INFO - Processing file /opt/airflow/dags/reddit_dag.py for tasks to queue
[2023-10-27T01:59:14.027+0000] {logging_mixin.py:151} INFO - [2023-10-27T01:59:14.026+0000] {dagbag.py:536} INFO - Filling up the DagBag from /opt/airflow/dags/reddit_dag.py
[2023-10-27T01:59:14.059+0000] {logging_mixin.py:151} INFO - [2023-10-27T01:59:14.048+0000] {dagbag.py:346} ERROR - Failed to import: /opt/airflow/dags/reddit_dag.py
Traceback (most recent call last):
  File "/home/airflow/.local/lib/python3.9/site-packages/airflow/models/dagbag.py", line 342, in parse
    loader.exec_module(new_module)
  File "<frozen importlib._bootstrap_external>", line 850, in exec_module
  File "<frozen importlib._bootstrap>", line 228, in _call_with_frames_removed
  File "/opt/airflow/dags/reddit_dag.py", line 27, in <module>
    python_callable=reddit_pipeline,
NameError: name 'reddit_pipeline' is not defined
[2023-10-27T01:59:14.060+0000] {processor.py:841} WARNING - No viable dags retrieved from /opt/airflow/dags/reddit_dag.py
[2023-10-27T01:59:14.105+0000] {processor.py:179} INFO - Processing /opt/airflow/dags/reddit_dag.py took 0.110 seconds
[2023-10-27T02:38:16.266+0000] {processor.py:157} INFO - Started process (PID=822) to work on /opt/airflow/dags/reddit_dag.py
[2023-10-27T02:38:16.272+0000] {processor.py:829} INFO - Processing file /opt/airflow/dags/reddit_dag.py for tasks to queue
[2023-10-27T02:38:16.280+0000] {logging_mixin.py:151} INFO - [2023-10-27T02:38:16.279+0000] {dagbag.py:536} INFO - Filling up the DagBag from /opt/airflow/dags/reddit_dag.py
[2023-10-27T02:38:16.320+0000] {logging_mixin.py:151} INFO - [2023-10-27T02:38:16.298+0000] {dagbag.py:346} ERROR - Failed to import: /opt/airflow/dags/reddit_dag.py
Traceback (most recent call last):
  File "/home/airflow/.local/lib/python3.9/site-packages/airflow/models/dagbag.py", line 342, in parse
    loader.exec_module(new_module)
  File "<frozen importlib._bootstrap_external>", line 850, in exec_module
  File "<frozen importlib._bootstrap>", line 228, in _call_with_frames_removed
  File "/opt/airflow/dags/reddit_dag.py", line 27, in <module>
    python_callable=reddit_pipeline,
NameError: name 'reddit_pipeline' is not defined
[2023-10-27T02:38:16.321+0000] {processor.py:841} WARNING - No viable dags retrieved from /opt/airflow/dags/reddit_dag.py
[2023-10-27T02:38:16.363+0000] {processor.py:179} INFO - Processing /opt/airflow/dags/reddit_dag.py took 0.107 seconds
[2023-10-27T03:24:54.280+0000] {processor.py:157} INFO - Started process (PID=823) to work on /opt/airflow/dags/reddit_dag.py
[2023-10-27T03:24:54.282+0000] {processor.py:829} INFO - Processing file /opt/airflow/dags/reddit_dag.py for tasks to queue
[2023-10-27T03:24:54.291+0000] {logging_mixin.py:151} INFO - [2023-10-27T03:24:54.290+0000] {dagbag.py:536} INFO - Filling up the DagBag from /opt/airflow/dags/reddit_dag.py
[2023-10-27T03:24:54.324+0000] {logging_mixin.py:151} INFO - [2023-10-27T03:24:54.323+0000] {dagbag.py:346} ERROR - Failed to import: /opt/airflow/dags/reddit_dag.py
Traceback (most recent call last):
  File "/home/airflow/.local/lib/python3.9/site-packages/airflow/models/dagbag.py", line 342, in parse
    loader.exec_module(new_module)
  File "<frozen importlib._bootstrap_external>", line 850, in exec_module
  File "<frozen importlib._bootstrap>", line 228, in _call_with_frames_removed
  File "/opt/airflow/dags/reddit_dag.py", line 27, in <module>
    python_callable=reddit_pipeline,
NameError: name 'reddit_pipeline' is not defined
[2023-10-27T03:24:54.325+0000] {processor.py:841} WARNING - No viable dags retrieved from /opt/airflow/dags/reddit_dag.py
[2023-10-27T03:24:54.375+0000] {processor.py:179} INFO - Processing /opt/airflow/dags/reddit_dag.py took 0.108 seconds
[2023-10-27T03:37:05.519+0000] {processor.py:157} INFO - Started process (PID=824) to work on /opt/airflow/dags/reddit_dag.py
[2023-10-27T03:37:05.522+0000] {processor.py:829} INFO - Processing file /opt/airflow/dags/reddit_dag.py for tasks to queue
[2023-10-27T03:37:05.528+0000] {logging_mixin.py:151} INFO - [2023-10-27T03:37:05.527+0000] {dagbag.py:536} INFO - Filling up the DagBag from /opt/airflow/dags/reddit_dag.py
[2023-10-27T03:37:05.547+0000] {logging_mixin.py:151} INFO - [2023-10-27T03:37:05.544+0000] {dagbag.py:346} ERROR - Failed to import: /opt/airflow/dags/reddit_dag.py
Traceback (most recent call last):
  File "/home/airflow/.local/lib/python3.9/site-packages/airflow/models/dagbag.py", line 342, in parse
    loader.exec_module(new_module)
  File "<frozen importlib._bootstrap_external>", line 850, in exec_module
  File "<frozen importlib._bootstrap>", line 228, in _call_with_frames_removed
  File "/opt/airflow/dags/reddit_dag.py", line 27, in <module>
    python_callable=reddit_pipeline,
NameError: name 'reddit_pipeline' is not defined
[2023-10-27T03:37:05.548+0000] {processor.py:841} WARNING - No viable dags retrieved from /opt/airflow/dags/reddit_dag.py
[2023-10-27T03:37:05.600+0000] {processor.py:179} INFO - Processing /opt/airflow/dags/reddit_dag.py took 0.150 seconds
[2023-10-27T04:10:53.978+0000] {processor.py:157} INFO - Started process (PID=825) to work on /opt/airflow/dags/reddit_dag.py
[2023-10-27T04:10:53.985+0000] {processor.py:829} INFO - Processing file /opt/airflow/dags/reddit_dag.py for tasks to queue
[2023-10-27T04:10:54.007+0000] {logging_mixin.py:151} INFO - [2023-10-27T04:10:54.007+0000] {dagbag.py:536} INFO - Filling up the DagBag from /opt/airflow/dags/reddit_dag.py
[2023-10-27T04:10:54.037+0000] {logging_mixin.py:151} INFO - [2023-10-27T04:10:54.028+0000] {dagbag.py:346} ERROR - Failed to import: /opt/airflow/dags/reddit_dag.py
Traceback (most recent call last):
  File "/home/airflow/.local/lib/python3.9/site-packages/airflow/models/dagbag.py", line 342, in parse
    loader.exec_module(new_module)
  File "<frozen importlib._bootstrap_external>", line 850, in exec_module
  File "<frozen importlib._bootstrap>", line 228, in _call_with_frames_removed
  File "/opt/airflow/dags/reddit_dag.py", line 27, in <module>
    python_callable=reddit_pipeline,
NameError: name 'reddit_pipeline' is not defined
[2023-10-27T04:10:54.041+0000] {processor.py:841} WARNING - No viable dags retrieved from /opt/airflow/dags/reddit_dag.py
[2023-10-27T04:10:54.746+0000] {processor.py:179} INFO - Processing /opt/airflow/dags/reddit_dag.py took 0.776 seconds
[2023-10-27T04:46:47.498+0000] {processor.py:157} INFO - Started process (PID=826) to work on /opt/airflow/dags/reddit_dag.py
[2023-10-27T04:46:47.500+0000] {processor.py:829} INFO - Processing file /opt/airflow/dags/reddit_dag.py for tasks to queue
[2023-10-27T04:46:47.511+0000] {logging_mixin.py:151} INFO - [2023-10-27T04:46:47.510+0000] {dagbag.py:536} INFO - Filling up the DagBag from /opt/airflow/dags/reddit_dag.py
[2023-10-27T04:46:47.543+0000] {logging_mixin.py:151} INFO - [2023-10-27T04:46:47.537+0000] {dagbag.py:346} ERROR - Failed to import: /opt/airflow/dags/reddit_dag.py
Traceback (most recent call last):
  File "/home/airflow/.local/lib/python3.9/site-packages/airflow/models/dagbag.py", line 342, in parse
    loader.exec_module(new_module)
  File "<frozen importlib._bootstrap_external>", line 850, in exec_module
  File "<frozen importlib._bootstrap>", line 228, in _call_with_frames_removed
  File "/opt/airflow/dags/reddit_dag.py", line 27, in <module>
    python_callable=reddit_pipeline,
NameError: name 'reddit_pipeline' is not defined
[2023-10-27T04:46:47.544+0000] {processor.py:841} WARNING - No viable dags retrieved from /opt/airflow/dags/reddit_dag.py
[2023-10-27T04:46:47.585+0000] {processor.py:179} INFO - Processing /opt/airflow/dags/reddit_dag.py took 0.116 seconds
[2023-10-27T05:00:11.883+0000] {processor.py:157} INFO - Started process (PID=827) to work on /opt/airflow/dags/reddit_dag.py
[2023-10-27T05:00:11.885+0000] {processor.py:829} INFO - Processing file /opt/airflow/dags/reddit_dag.py for tasks to queue
[2023-10-27T05:00:11.892+0000] {logging_mixin.py:151} INFO - [2023-10-27T05:00:11.891+0000] {dagbag.py:536} INFO - Filling up the DagBag from /opt/airflow/dags/reddit_dag.py
[2023-10-27T05:00:11.917+0000] {logging_mixin.py:151} INFO - [2023-10-27T05:00:11.913+0000] {dagbag.py:346} ERROR - Failed to import: /opt/airflow/dags/reddit_dag.py
Traceback (most recent call last):
  File "/home/airflow/.local/lib/python3.9/site-packages/airflow/models/dagbag.py", line 342, in parse
    loader.exec_module(new_module)
  File "<frozen importlib._bootstrap_external>", line 850, in exec_module
  File "<frozen importlib._bootstrap>", line 228, in _call_with_frames_removed
  File "/opt/airflow/dags/reddit_dag.py", line 27, in <module>
    python_callable=reddit_pipeline,
NameError: name 'reddit_pipeline' is not defined
[2023-10-27T05:00:11.918+0000] {processor.py:841} WARNING - No viable dags retrieved from /opt/airflow/dags/reddit_dag.py
[2023-10-27T05:00:11.973+0000] {processor.py:179} INFO - Processing /opt/airflow/dags/reddit_dag.py took 0.099 seconds
[2023-10-27T05:18:55.295+0000] {processor.py:157} INFO - Started process (PID=828) to work on /opt/airflow/dags/reddit_dag.py
[2023-10-27T05:18:55.312+0000] {processor.py:829} INFO - Processing file /opt/airflow/dags/reddit_dag.py for tasks to queue
[2023-10-27T05:18:55.325+0000] {logging_mixin.py:151} INFO - [2023-10-27T05:18:55.324+0000] {dagbag.py:536} INFO - Filling up the DagBag from /opt/airflow/dags/reddit_dag.py
[2023-10-27T05:18:55.349+0000] {logging_mixin.py:151} INFO - [2023-10-27T05:18:55.344+0000] {dagbag.py:346} ERROR - Failed to import: /opt/airflow/dags/reddit_dag.py
Traceback (most recent call last):
  File "/home/airflow/.local/lib/python3.9/site-packages/airflow/models/dagbag.py", line 342, in parse
    loader.exec_module(new_module)
  File "<frozen importlib._bootstrap_external>", line 850, in exec_module
  File "<frozen importlib._bootstrap>", line 228, in _call_with_frames_removed
  File "/opt/airflow/dags/reddit_dag.py", line 27, in <module>
    python_callable=reddit_pipeline,
NameError: name 'reddit_pipeline' is not defined
[2023-10-27T05:18:55.350+0000] {processor.py:841} WARNING - No viable dags retrieved from /opt/airflow/dags/reddit_dag.py
[2023-10-27T05:18:55.388+0000] {processor.py:179} INFO - Processing /opt/airflow/dags/reddit_dag.py took 0.100 seconds
[2023-10-27T05:31:44.037+0000] {processor.py:157} INFO - Started process (PID=829) to work on /opt/airflow/dags/reddit_dag.py
[2023-10-27T05:31:44.039+0000] {processor.py:829} INFO - Processing file /opt/airflow/dags/reddit_dag.py for tasks to queue
[2023-10-27T05:31:44.045+0000] {logging_mixin.py:151} INFO - [2023-10-27T05:31:44.044+0000] {dagbag.py:536} INFO - Filling up the DagBag from /opt/airflow/dags/reddit_dag.py
[2023-10-27T05:31:44.058+0000] {logging_mixin.py:151} INFO - [2023-10-27T05:31:44.057+0000] {dagbag.py:346} ERROR - Failed to import: /opt/airflow/dags/reddit_dag.py
Traceback (most recent call last):
  File "/home/airflow/.local/lib/python3.9/site-packages/airflow/models/dagbag.py", line 342, in parse
    loader.exec_module(new_module)
  File "<frozen importlib._bootstrap_external>", line 850, in exec_module
  File "<frozen importlib._bootstrap>", line 228, in _call_with_frames_removed
  File "/opt/airflow/dags/reddit_dag.py", line 27, in <module>
    python_callable=reddit_pipeline,
NameError: name 'reddit_pipeline' is not defined
[2023-10-27T05:31:44.059+0000] {processor.py:841} WARNING - No viable dags retrieved from /opt/airflow/dags/reddit_dag.py
[2023-10-27T05:31:44.085+0000] {processor.py:179} INFO - Processing /opt/airflow/dags/reddit_dag.py took 0.055 seconds
[2023-10-27T06:24:40.641+0000] {processor.py:157} INFO - Started process (PID=830) to work on /opt/airflow/dags/reddit_dag.py
[2023-10-27T06:24:40.647+0000] {processor.py:829} INFO - Processing file /opt/airflow/dags/reddit_dag.py for tasks to queue
[2023-10-27T06:24:40.659+0000] {logging_mixin.py:151} INFO - [2023-10-27T06:24:40.657+0000] {dagbag.py:536} INFO - Filling up the DagBag from /opt/airflow/dags/reddit_dag.py
[2023-10-27T06:24:40.692+0000] {logging_mixin.py:151} INFO - [2023-10-27T06:24:40.685+0000] {dagbag.py:346} ERROR - Failed to import: /opt/airflow/dags/reddit_dag.py
Traceback (most recent call last):
  File "/home/airflow/.local/lib/python3.9/site-packages/airflow/models/dagbag.py", line 342, in parse
    loader.exec_module(new_module)
  File "<frozen importlib._bootstrap_external>", line 850, in exec_module
  File "<frozen importlib._bootstrap>", line 228, in _call_with_frames_removed
  File "/opt/airflow/dags/reddit_dag.py", line 27, in <module>
    python_callable=reddit_pipeline,
NameError: name 'reddit_pipeline' is not defined
[2023-10-27T06:24:40.695+0000] {processor.py:841} WARNING - No viable dags retrieved from /opt/airflow/dags/reddit_dag.py
[2023-10-27T06:24:40.755+0000] {processor.py:179} INFO - Processing /opt/airflow/dags/reddit_dag.py took 0.124 seconds
[2023-10-27T07:46:09.509+0000] {processor.py:157} INFO - Started process (PID=831) to work on /opt/airflow/dags/reddit_dag.py
[2023-10-27T07:46:09.514+0000] {processor.py:829} INFO - Processing file /opt/airflow/dags/reddit_dag.py for tasks to queue
[2023-10-27T07:46:09.522+0000] {logging_mixin.py:151} INFO - [2023-10-27T07:46:09.521+0000] {dagbag.py:536} INFO - Filling up the DagBag from /opt/airflow/dags/reddit_dag.py
[2023-10-27T07:46:09.551+0000] {logging_mixin.py:151} INFO - [2023-10-27T07:46:09.545+0000] {dagbag.py:346} ERROR - Failed to import: /opt/airflow/dags/reddit_dag.py
Traceback (most recent call last):
  File "/home/airflow/.local/lib/python3.9/site-packages/airflow/models/dagbag.py", line 342, in parse
    loader.exec_module(new_module)
  File "<frozen importlib._bootstrap_external>", line 850, in exec_module
  File "<frozen importlib._bootstrap>", line 228, in _call_with_frames_removed
  File "/opt/airflow/dags/reddit_dag.py", line 27, in <module>
    python_callable=reddit_pipeline,
NameError: name 'reddit_pipeline' is not defined
[2023-10-27T07:46:09.552+0000] {processor.py:841} WARNING - No viable dags retrieved from /opt/airflow/dags/reddit_dag.py
[2023-10-27T07:46:09.594+0000] {processor.py:179} INFO - Processing /opt/airflow/dags/reddit_dag.py took 0.093 seconds
[2023-10-27T08:42:02.783+0000] {processor.py:157} INFO - Started process (PID=832) to work on /opt/airflow/dags/reddit_dag.py
[2023-10-27T08:42:02.788+0000] {processor.py:829} INFO - Processing file /opt/airflow/dags/reddit_dag.py for tasks to queue
[2023-10-27T08:42:02.808+0000] {logging_mixin.py:151} INFO - [2023-10-27T08:42:02.807+0000] {dagbag.py:536} INFO - Filling up the DagBag from /opt/airflow/dags/reddit_dag.py
[2023-10-27T08:42:02.829+0000] {logging_mixin.py:151} INFO - [2023-10-27T08:42:02.823+0000] {dagbag.py:346} ERROR - Failed to import: /opt/airflow/dags/reddit_dag.py
Traceback (most recent call last):
  File "/home/airflow/.local/lib/python3.9/site-packages/airflow/models/dagbag.py", line 342, in parse
    loader.exec_module(new_module)
  File "<frozen importlib._bootstrap_external>", line 850, in exec_module
  File "<frozen importlib._bootstrap>", line 228, in _call_with_frames_removed
  File "/opt/airflow/dags/reddit_dag.py", line 27, in <module>
    python_callable=reddit_pipeline,
NameError: name 'reddit_pipeline' is not defined
[2023-10-27T08:42:02.833+0000] {processor.py:841} WARNING - No viable dags retrieved from /opt/airflow/dags/reddit_dag.py
[2023-10-27T08:42:02.875+0000] {processor.py:179} INFO - Processing /opt/airflow/dags/reddit_dag.py took 0.099 seconds
[2023-10-27T09:49:04.433+0000] {processor.py:157} INFO - Started process (PID=833) to work on /opt/airflow/dags/reddit_dag.py
[2023-10-27T09:49:04.437+0000] {processor.py:829} INFO - Processing file /opt/airflow/dags/reddit_dag.py for tasks to queue
[2023-10-27T09:49:04.450+0000] {logging_mixin.py:151} INFO - [2023-10-27T09:49:04.446+0000] {dagbag.py:536} INFO - Filling up the DagBag from /opt/airflow/dags/reddit_dag.py
[2023-10-27T09:49:04.473+0000] {logging_mixin.py:151} INFO - [2023-10-27T09:49:04.467+0000] {dagbag.py:346} ERROR - Failed to import: /opt/airflow/dags/reddit_dag.py
Traceback (most recent call last):
  File "/home/airflow/.local/lib/python3.9/site-packages/airflow/models/dagbag.py", line 342, in parse
    loader.exec_module(new_module)
  File "<frozen importlib._bootstrap_external>", line 850, in exec_module
  File "<frozen importlib._bootstrap>", line 228, in _call_with_frames_removed
  File "/opt/airflow/dags/reddit_dag.py", line 27, in <module>
    python_callable=reddit_pipeline,
NameError: name 'reddit_pipeline' is not defined
[2023-10-27T09:49:04.474+0000] {processor.py:841} WARNING - No viable dags retrieved from /opt/airflow/dags/reddit_dag.py
[2023-10-27T09:49:04.520+0000] {processor.py:179} INFO - Processing /opt/airflow/dags/reddit_dag.py took 0.095 seconds
[2023-10-27T11:12:15.464+0000] {processor.py:157} INFO - Started process (PID=834) to work on /opt/airflow/dags/reddit_dag.py
[2023-10-27T11:12:15.471+0000] {processor.py:829} INFO - Processing file /opt/airflow/dags/reddit_dag.py for tasks to queue
[2023-10-27T11:12:15.493+0000] {logging_mixin.py:151} INFO - [2023-10-27T11:12:15.492+0000] {dagbag.py:536} INFO - Filling up the DagBag from /opt/airflow/dags/reddit_dag.py
[2023-10-27T11:12:15.517+0000] {logging_mixin.py:151} INFO - [2023-10-27T11:12:15.514+0000] {dagbag.py:346} ERROR - Failed to import: /opt/airflow/dags/reddit_dag.py
Traceback (most recent call last):
  File "/home/airflow/.local/lib/python3.9/site-packages/airflow/models/dagbag.py", line 342, in parse
    loader.exec_module(new_module)
  File "<frozen importlib._bootstrap_external>", line 850, in exec_module
  File "<frozen importlib._bootstrap>", line 228, in _call_with_frames_removed
  File "/opt/airflow/dags/reddit_dag.py", line 27, in <module>
    python_callable=reddit_pipeline,
NameError: name 'reddit_pipeline' is not defined
[2023-10-27T11:12:15.521+0000] {processor.py:841} WARNING - No viable dags retrieved from /opt/airflow/dags/reddit_dag.py
[2023-10-27T11:12:15.580+0000] {processor.py:179} INFO - Processing /opt/airflow/dags/reddit_dag.py took 0.129 seconds
[2023-10-27T12:21:15.695+0000] {processor.py:157} INFO - Started process (PID=835) to work on /opt/airflow/dags/reddit_dag.py
[2023-10-27T12:21:15.702+0000] {processor.py:829} INFO - Processing file /opt/airflow/dags/reddit_dag.py for tasks to queue
[2023-10-27T12:21:15.722+0000] {logging_mixin.py:151} INFO - [2023-10-27T12:21:15.717+0000] {dagbag.py:536} INFO - Filling up the DagBag from /opt/airflow/dags/reddit_dag.py
[2023-10-27T12:21:15.750+0000] {logging_mixin.py:151} INFO - [2023-10-27T12:21:15.740+0000] {dagbag.py:346} ERROR - Failed to import: /opt/airflow/dags/reddit_dag.py
Traceback (most recent call last):
  File "/home/airflow/.local/lib/python3.9/site-packages/airflow/models/dagbag.py", line 342, in parse
    loader.exec_module(new_module)
  File "<frozen importlib._bootstrap_external>", line 850, in exec_module
  File "<frozen importlib._bootstrap>", line 228, in _call_with_frames_removed
  File "/opt/airflow/dags/reddit_dag.py", line 27, in <module>
    python_callable=reddit_pipeline,
NameError: name 'reddit_pipeline' is not defined
[2023-10-27T12:21:15.750+0000] {processor.py:841} WARNING - No viable dags retrieved from /opt/airflow/dags/reddit_dag.py
[2023-10-27T12:21:15.789+0000] {processor.py:179} INFO - Processing /opt/airflow/dags/reddit_dag.py took 0.102 seconds
[2023-10-27T13:28:51.525+0000] {processor.py:157} INFO - Started process (PID=836) to work on /opt/airflow/dags/reddit_dag.py
[2023-10-27T13:28:51.527+0000] {processor.py:829} INFO - Processing file /opt/airflow/dags/reddit_dag.py for tasks to queue
[2023-10-27T13:28:51.531+0000] {logging_mixin.py:151} INFO - [2023-10-27T13:28:51.530+0000] {dagbag.py:536} INFO - Filling up the DagBag from /opt/airflow/dags/reddit_dag.py
[2023-10-27T13:28:51.545+0000] {logging_mixin.py:151} INFO - [2023-10-27T13:28:51.543+0000] {dagbag.py:346} ERROR - Failed to import: /opt/airflow/dags/reddit_dag.py
Traceback (most recent call last):
  File "/home/airflow/.local/lib/python3.9/site-packages/airflow/models/dagbag.py", line 342, in parse
    loader.exec_module(new_module)
  File "<frozen importlib._bootstrap_external>", line 850, in exec_module
  File "<frozen importlib._bootstrap>", line 228, in _call_with_frames_removed
  File "/opt/airflow/dags/reddit_dag.py", line 27, in <module>
    python_callable=reddit_pipeline,
NameError: name 'reddit_pipeline' is not defined
[2023-10-27T13:28:51.546+0000] {processor.py:841} WARNING - No viable dags retrieved from /opt/airflow/dags/reddit_dag.py
[2023-10-27T13:28:51.573+0000] {processor.py:179} INFO - Processing /opt/airflow/dags/reddit_dag.py took 0.068 seconds
[2023-10-27T14:53:31.273+0000] {processor.py:157} INFO - Started process (PID=837) to work on /opt/airflow/dags/reddit_dag.py
[2023-10-27T14:53:31.274+0000] {processor.py:829} INFO - Processing file /opt/airflow/dags/reddit_dag.py for tasks to queue
[2023-10-27T14:53:31.278+0000] {logging_mixin.py:151} INFO - [2023-10-27T14:53:31.277+0000] {dagbag.py:536} INFO - Filling up the DagBag from /opt/airflow/dags/reddit_dag.py
[2023-10-27T14:53:31.297+0000] {logging_mixin.py:151} INFO - [2023-10-27T14:53:31.293+0000] {dagbag.py:346} ERROR - Failed to import: /opt/airflow/dags/reddit_dag.py
Traceback (most recent call last):
  File "/home/airflow/.local/lib/python3.9/site-packages/airflow/models/dagbag.py", line 342, in parse
    loader.exec_module(new_module)
  File "<frozen importlib._bootstrap_external>", line 850, in exec_module
  File "<frozen importlib._bootstrap>", line 228, in _call_with_frames_removed
  File "/opt/airflow/dags/reddit_dag.py", line 27, in <module>
    python_callable=reddit_pipeline,
NameError: name 'reddit_pipeline' is not defined
[2023-10-27T14:53:31.298+0000] {processor.py:841} WARNING - No viable dags retrieved from /opt/airflow/dags/reddit_dag.py
[2023-10-27T14:53:31.335+0000] {processor.py:179} INFO - Processing /opt/airflow/dags/reddit_dag.py took 0.067 seconds
[2023-10-27T15:46:57.303+0000] {processor.py:157} INFO - Started process (PID=838) to work on /opt/airflow/dags/reddit_dag.py
[2023-10-27T15:46:57.305+0000] {processor.py:829} INFO - Processing file /opt/airflow/dags/reddit_dag.py for tasks to queue
[2023-10-27T15:46:57.310+0000] {logging_mixin.py:151} INFO - [2023-10-27T15:46:57.310+0000] {dagbag.py:536} INFO - Filling up the DagBag from /opt/airflow/dags/reddit_dag.py
[2023-10-27T15:46:57.327+0000] {logging_mixin.py:151} INFO - [2023-10-27T15:46:57.325+0000] {dagbag.py:346} ERROR - Failed to import: /opt/airflow/dags/reddit_dag.py
Traceback (most recent call last):
  File "/home/airflow/.local/lib/python3.9/site-packages/airflow/models/dagbag.py", line 342, in parse
    loader.exec_module(new_module)
  File "<frozen importlib._bootstrap_external>", line 850, in exec_module
  File "<frozen importlib._bootstrap>", line 228, in _call_with_frames_removed
  File "/opt/airflow/dags/reddit_dag.py", line 27, in <module>
    python_callable=reddit_pipeline,
NameError: name 'reddit_pipeline' is not defined
[2023-10-27T15:46:57.328+0000] {processor.py:841} WARNING - No viable dags retrieved from /opt/airflow/dags/reddit_dag.py
[2023-10-27T15:46:57.366+0000] {processor.py:179} INFO - Processing /opt/airflow/dags/reddit_dag.py took 0.087 seconds
[2023-10-27T16:13:21.538+0000] {processor.py:157} INFO - Started process (PID=839) to work on /opt/airflow/dags/reddit_dag.py
[2023-10-27T16:13:21.544+0000] {processor.py:829} INFO - Processing file /opt/airflow/dags/reddit_dag.py for tasks to queue
[2023-10-27T16:13:21.550+0000] {logging_mixin.py:151} INFO - [2023-10-27T16:13:21.550+0000] {dagbag.py:536} INFO - Filling up the DagBag from /opt/airflow/dags/reddit_dag.py
[2023-10-27T16:13:21.583+0000] {logging_mixin.py:151} INFO - [2023-10-27T16:13:21.573+0000] {dagbag.py:346} ERROR - Failed to import: /opt/airflow/dags/reddit_dag.py
Traceback (most recent call last):
  File "/home/airflow/.local/lib/python3.9/site-packages/airflow/models/dagbag.py", line 342, in parse
    loader.exec_module(new_module)
  File "<frozen importlib._bootstrap_external>", line 850, in exec_module
  File "<frozen importlib._bootstrap>", line 228, in _call_with_frames_removed
  File "/opt/airflow/dags/reddit_dag.py", line 27, in <module>
    python_callable=reddit_pipeline,
NameError: name 'reddit_pipeline' is not defined
[2023-10-27T16:13:21.584+0000] {processor.py:841} WARNING - No viable dags retrieved from /opt/airflow/dags/reddit_dag.py
[2023-10-27T16:13:21.644+0000] {processor.py:179} INFO - Processing /opt/airflow/dags/reddit_dag.py took 0.118 seconds
[2023-10-27T17:27:24.350+0000] {processor.py:157} INFO - Started process (PID=840) to work on /opt/airflow/dags/reddit_dag.py
[2023-10-27T17:27:24.352+0000] {processor.py:829} INFO - Processing file /opt/airflow/dags/reddit_dag.py for tasks to queue
[2023-10-27T17:27:24.361+0000] {logging_mixin.py:151} INFO - [2023-10-27T17:27:24.358+0000] {dagbag.py:536} INFO - Filling up the DagBag from /opt/airflow/dags/reddit_dag.py
[2023-10-27T17:27:24.386+0000] {logging_mixin.py:151} INFO - [2023-10-27T17:27:24.384+0000] {dagbag.py:346} ERROR - Failed to import: /opt/airflow/dags/reddit_dag.py
Traceback (most recent call last):
  File "/home/airflow/.local/lib/python3.9/site-packages/airflow/models/dagbag.py", line 342, in parse
    loader.exec_module(new_module)
  File "<frozen importlib._bootstrap_external>", line 850, in exec_module
  File "<frozen importlib._bootstrap>", line 228, in _call_with_frames_removed
  File "/opt/airflow/dags/reddit_dag.py", line 27, in <module>
    python_callable=reddit_pipeline,
NameError: name 'reddit_pipeline' is not defined
[2023-10-27T17:27:24.387+0000] {processor.py:841} WARNING - No viable dags retrieved from /opt/airflow/dags/reddit_dag.py
[2023-10-27T17:27:24.439+0000] {processor.py:179} INFO - Processing /opt/airflow/dags/reddit_dag.py took 0.095 seconds
[2023-10-27T18:31:13.241+0000] {processor.py:157} INFO - Started process (PID=841) to work on /opt/airflow/dags/reddit_dag.py
[2023-10-27T18:31:13.242+0000] {processor.py:829} INFO - Processing file /opt/airflow/dags/reddit_dag.py for tasks to queue
[2023-10-27T18:31:13.245+0000] {logging_mixin.py:151} INFO - [2023-10-27T18:31:13.245+0000] {dagbag.py:536} INFO - Filling up the DagBag from /opt/airflow/dags/reddit_dag.py
[2023-10-27T18:31:13.261+0000] {logging_mixin.py:151} INFO - [2023-10-27T18:31:13.259+0000] {dagbag.py:346} ERROR - Failed to import: /opt/airflow/dags/reddit_dag.py
Traceback (most recent call last):
  File "/home/airflow/.local/lib/python3.9/site-packages/airflow/models/dagbag.py", line 342, in parse
    loader.exec_module(new_module)
  File "<frozen importlib._bootstrap_external>", line 850, in exec_module
  File "<frozen importlib._bootstrap>", line 228, in _call_with_frames_removed
  File "/opt/airflow/dags/reddit_dag.py", line 27, in <module>
    python_callable=reddit_pipeline,
NameError: name 'reddit_pipeline' is not defined
[2023-10-27T18:31:13.261+0000] {processor.py:841} WARNING - No viable dags retrieved from /opt/airflow/dags/reddit_dag.py
[2023-10-27T18:31:13.292+0000] {processor.py:179} INFO - Processing /opt/airflow/dags/reddit_dag.py took 0.057 seconds
[2023-10-27T19:51:49.376+0000] {processor.py:157} INFO - Started process (PID=842) to work on /opt/airflow/dags/reddit_dag.py
[2023-10-27T19:51:49.386+0000] {processor.py:829} INFO - Processing file /opt/airflow/dags/reddit_dag.py for tasks to queue
[2023-10-27T19:51:49.408+0000] {logging_mixin.py:151} INFO - [2023-10-27T19:51:49.407+0000] {dagbag.py:536} INFO - Filling up the DagBag from /opt/airflow/dags/reddit_dag.py
[2023-10-27T19:51:49.466+0000] {logging_mixin.py:151} INFO - [2023-10-27T19:51:49.456+0000] {dagbag.py:346} ERROR - Failed to import: /opt/airflow/dags/reddit_dag.py
Traceback (most recent call last):
  File "/home/airflow/.local/lib/python3.9/site-packages/airflow/models/dagbag.py", line 342, in parse
    loader.exec_module(new_module)
  File "<frozen importlib._bootstrap_external>", line 850, in exec_module
  File "<frozen importlib._bootstrap>", line 228, in _call_with_frames_removed
  File "/opt/airflow/dags/reddit_dag.py", line 27, in <module>
    python_callable=reddit_pipeline,
NameError: name 'reddit_pipeline' is not defined
[2023-10-27T19:51:49.468+0000] {processor.py:841} WARNING - No viable dags retrieved from /opt/airflow/dags/reddit_dag.py
[2023-10-27T19:51:49.498+0000] {processor.py:179} INFO - Processing /opt/airflow/dags/reddit_dag.py took 0.129 seconds
[2023-10-27T20:56:46.309+0000] {processor.py:157} INFO - Started process (PID=843) to work on /opt/airflow/dags/reddit_dag.py
[2023-10-27T20:56:46.315+0000] {processor.py:829} INFO - Processing file /opt/airflow/dags/reddit_dag.py for tasks to queue
[2023-10-27T20:56:46.320+0000] {logging_mixin.py:151} INFO - [2023-10-27T20:56:46.319+0000] {dagbag.py:536} INFO - Filling up the DagBag from /opt/airflow/dags/reddit_dag.py
[2023-10-27T20:56:46.347+0000] {logging_mixin.py:151} INFO - [2023-10-27T20:56:46.344+0000] {dagbag.py:346} ERROR - Failed to import: /opt/airflow/dags/reddit_dag.py
Traceback (most recent call last):
  File "/home/airflow/.local/lib/python3.9/site-packages/airflow/models/dagbag.py", line 342, in parse
    loader.exec_module(new_module)
  File "<frozen importlib._bootstrap_external>", line 850, in exec_module
  File "<frozen importlib._bootstrap>", line 228, in _call_with_frames_removed
  File "/opt/airflow/dags/reddit_dag.py", line 27, in <module>
    python_callable=reddit_pipeline,
NameError: name 'reddit_pipeline' is not defined
[2023-10-27T20:56:46.347+0000] {processor.py:841} WARNING - No viable dags retrieved from /opt/airflow/dags/reddit_dag.py
[2023-10-27T20:56:46.388+0000] {processor.py:179} INFO - Processing /opt/airflow/dags/reddit_dag.py took 0.089 seconds
[2023-10-27T21:48:33.591+0000] {processor.py:157} INFO - Started process (PID=844) to work on /opt/airflow/dags/reddit_dag.py
[2023-10-27T21:48:33.596+0000] {processor.py:829} INFO - Processing file /opt/airflow/dags/reddit_dag.py for tasks to queue
[2023-10-27T21:48:33.604+0000] {logging_mixin.py:151} INFO - [2023-10-27T21:48:33.603+0000] {dagbag.py:536} INFO - Filling up the DagBag from /opt/airflow/dags/reddit_dag.py
[2023-10-27T21:48:33.631+0000] {logging_mixin.py:151} INFO - [2023-10-27T21:48:33.622+0000] {dagbag.py:346} ERROR - Failed to import: /opt/airflow/dags/reddit_dag.py
Traceback (most recent call last):
  File "/home/airflow/.local/lib/python3.9/site-packages/airflow/models/dagbag.py", line 342, in parse
    loader.exec_module(new_module)
  File "<frozen importlib._bootstrap_external>", line 850, in exec_module
  File "<frozen importlib._bootstrap>", line 228, in _call_with_frames_removed
  File "/opt/airflow/dags/reddit_dag.py", line 27, in <module>
    python_callable=reddit_pipeline,
NameError: name 'reddit_pipeline' is not defined
[2023-10-27T21:48:33.632+0000] {processor.py:841} WARNING - No viable dags retrieved from /opt/airflow/dags/reddit_dag.py
[2023-10-27T21:48:33.693+0000] {processor.py:179} INFO - Processing /opt/airflow/dags/reddit_dag.py took 0.120 seconds
[2023-10-27T22:48:12.580+0000] {processor.py:157} INFO - Started process (PID=845) to work on /opt/airflow/dags/reddit_dag.py
[2023-10-27T22:48:12.588+0000] {processor.py:829} INFO - Processing file /opt/airflow/dags/reddit_dag.py for tasks to queue
[2023-10-27T22:48:12.605+0000] {logging_mixin.py:151} INFO - [2023-10-27T22:48:12.604+0000] {dagbag.py:536} INFO - Filling up the DagBag from /opt/airflow/dags/reddit_dag.py
[2023-10-27T22:48:12.621+0000] {logging_mixin.py:151} INFO - [2023-10-27T22:48:12.617+0000] {dagbag.py:346} ERROR - Failed to import: /opt/airflow/dags/reddit_dag.py
Traceback (most recent call last):
  File "/home/airflow/.local/lib/python3.9/site-packages/airflow/models/dagbag.py", line 342, in parse
    loader.exec_module(new_module)
  File "<frozen importlib._bootstrap_external>", line 850, in exec_module
  File "<frozen importlib._bootstrap>", line 228, in _call_with_frames_removed
  File "/opt/airflow/dags/reddit_dag.py", line 27, in <module>
    python_callable=reddit_pipeline,
NameError: name 'reddit_pipeline' is not defined
[2023-10-27T22:48:12.622+0000] {processor.py:841} WARNING - No viable dags retrieved from /opt/airflow/dags/reddit_dag.py
[2023-10-27T22:48:12.671+0000] {processor.py:179} INFO - Processing /opt/airflow/dags/reddit_dag.py took 0.102 seconds
[2023-10-27T23:01:07.187+0000] {processor.py:157} INFO - Started process (PID=846) to work on /opt/airflow/dags/reddit_dag.py
[2023-10-27T23:01:07.192+0000] {processor.py:829} INFO - Processing file /opt/airflow/dags/reddit_dag.py for tasks to queue
[2023-10-27T23:01:07.201+0000] {logging_mixin.py:151} INFO - [2023-10-27T23:01:07.201+0000] {dagbag.py:536} INFO - Filling up the DagBag from /opt/airflow/dags/reddit_dag.py
[2023-10-27T23:01:07.234+0000] {logging_mixin.py:151} INFO - [2023-10-27T23:01:07.225+0000] {dagbag.py:346} ERROR - Failed to import: /opt/airflow/dags/reddit_dag.py
Traceback (most recent call last):
  File "/home/airflow/.local/lib/python3.9/site-packages/airflow/models/dagbag.py", line 342, in parse
    loader.exec_module(new_module)
  File "<frozen importlib._bootstrap_external>", line 850, in exec_module
  File "<frozen importlib._bootstrap>", line 228, in _call_with_frames_removed
  File "/opt/airflow/dags/reddit_dag.py", line 27, in <module>
    python_callable=reddit_pipeline,
NameError: name 'reddit_pipeline' is not defined
[2023-10-27T23:01:07.237+0000] {processor.py:841} WARNING - No viable dags retrieved from /opt/airflow/dags/reddit_dag.py
[2023-10-27T23:01:07.286+0000] {processor.py:179} INFO - Processing /opt/airflow/dags/reddit_dag.py took 0.117 seconds
[2023-10-27T23:17:35.490+0000] {processor.py:157} INFO - Started process (PID=847) to work on /opt/airflow/dags/reddit_dag.py
[2023-10-27T23:17:35.495+0000] {processor.py:829} INFO - Processing file /opt/airflow/dags/reddit_dag.py for tasks to queue
[2023-10-27T23:17:35.503+0000] {logging_mixin.py:151} INFO - [2023-10-27T23:17:35.502+0000] {dagbag.py:536} INFO - Filling up the DagBag from /opt/airflow/dags/reddit_dag.py
[2023-10-27T23:17:35.543+0000] {logging_mixin.py:151} INFO - [2023-10-27T23:17:35.538+0000] {dagbag.py:346} ERROR - Failed to import: /opt/airflow/dags/reddit_dag.py
Traceback (most recent call last):
  File "/home/airflow/.local/lib/python3.9/site-packages/airflow/models/dagbag.py", line 342, in parse
    loader.exec_module(new_module)
  File "<frozen importlib._bootstrap_external>", line 850, in exec_module
  File "<frozen importlib._bootstrap>", line 228, in _call_with_frames_removed
  File "/opt/airflow/dags/reddit_dag.py", line 27, in <module>
    python_callable=reddit_pipeline,
NameError: name 'reddit_pipeline' is not defined
[2023-10-27T23:17:35.544+0000] {processor.py:841} WARNING - No viable dags retrieved from /opt/airflow/dags/reddit_dag.py
[2023-10-27T23:17:35.598+0000] {processor.py:179} INFO - Processing /opt/airflow/dags/reddit_dag.py took 0.114 seconds
[2023-10-27T23:33:35.898+0000] {processor.py:157} INFO - Started process (PID=848) to work on /opt/airflow/dags/reddit_dag.py
[2023-10-27T23:33:35.903+0000] {processor.py:829} INFO - Processing file /opt/airflow/dags/reddit_dag.py for tasks to queue
[2023-10-27T23:33:35.913+0000] {logging_mixin.py:151} INFO - [2023-10-27T23:33:35.911+0000] {dagbag.py:536} INFO - Filling up the DagBag from /opt/airflow/dags/reddit_dag.py
[2023-10-27T23:33:35.943+0000] {logging_mixin.py:151} INFO - [2023-10-27T23:33:35.937+0000] {dagbag.py:346} ERROR - Failed to import: /opt/airflow/dags/reddit_dag.py
Traceback (most recent call last):
  File "/home/airflow/.local/lib/python3.9/site-packages/airflow/models/dagbag.py", line 342, in parse
    loader.exec_module(new_module)
  File "<frozen importlib._bootstrap_external>", line 850, in exec_module
  File "<frozen importlib._bootstrap>", line 228, in _call_with_frames_removed
  File "/opt/airflow/dags/reddit_dag.py", line 27, in <module>
    python_callable=reddit_pipeline,
NameError: name 'reddit_pipeline' is not defined
[2023-10-27T23:33:35.944+0000] {processor.py:841} WARNING - No viable dags retrieved from /opt/airflow/dags/reddit_dag.py
[2023-10-27T23:33:36.009+0000] {processor.py:179} INFO - Processing /opt/airflow/dags/reddit_dag.py took 0.117 seconds
