[2023-10-29T00:00:01.106+0000] {taskinstance.py:1159} INFO - Dependencies all met for dep_context=non-requeueable deps ti=<TaskInstance: etl_reddit_pipeline.reddit_extraction scheduled__2023-10-28T00:00:00+00:00 [queued]>
[2023-10-29T00:00:01.111+0000] {taskinstance.py:1159} INFO - Dependencies all met for dep_context=requeueable deps ti=<TaskInstance: etl_reddit_pipeline.reddit_extraction scheduled__2023-10-28T00:00:00+00:00 [queued]>
[2023-10-29T00:00:01.111+0000] {taskinstance.py:1361} INFO - Starting attempt 1 of 1
[2023-10-29T00:00:01.118+0000] {taskinstance.py:1382} INFO - Executing <Task(PythonOperator): reddit_extraction> on 2023-10-28 00:00:00+00:00
[2023-10-29T00:00:01.125+0000] {standard_task_runner.py:57} INFO - Started process 432 to run task
[2023-10-29T00:00:01.129+0000] {standard_task_runner.py:84} INFO - Running: ['airflow', 'tasks', 'run', 'etl_reddit_pipeline', 'reddit_extraction', 'scheduled__2023-10-28T00:00:00+00:00', '--job-id', '9', '--raw', '--subdir', 'DAGS_FOLDER/reddit_dag.py', '--cfg-path', '/tmp/tmpdabifsgm']
[2023-10-29T00:00:01.132+0000] {standard_task_runner.py:85} INFO - Job 9: Subtask reddit_extraction
[2023-10-29T00:00:01.181+0000] {task_command.py:416} INFO - Running <TaskInstance: etl_reddit_pipeline.reddit_extraction scheduled__2023-10-28T00:00:00+00:00 [running]> on host 2c5944612ac4
[2023-10-29T00:00:01.255+0000] {taskinstance.py:1662} INFO - Exporting env vars: AIRFLOW_CTX_DAG_OWNER='httrinh' AIRFLOW_CTX_DAG_ID='etl_reddit_pipeline' AIRFLOW_CTX_TASK_ID='reddit_extraction' AIRFLOW_CTX_EXECUTION_DATE='2023-10-28T00:00:00+00:00' AIRFLOW_CTX_TRY_NUMBER='1' AIRFLOW_CTX_DAG_RUN_ID='scheduled__2023-10-28T00:00:00+00:00'
[2023-10-29T00:00:01.421+0000] {logging_mixin.py:151} INFO - Connect to Reddit!
[2023-10-29T00:00:01.996+0000] {taskinstance.py:1937} ERROR - Task failed with exception
Traceback (most recent call last):
  File "/home/airflow/.local/lib/python3.9/site-packages/pandas/core/indexes/base.py", line 3790, in get_loc
    return self._engine.get_loc(casted_key)
  File "index.pyx", line 152, in pandas._libs.index.IndexEngine.get_loc
  File "index.pyx", line 181, in pandas._libs.index.IndexEngine.get_loc
  File "pandas/_libs/hashtable_class_helper.pxi", line 7080, in pandas._libs.hashtable.PyObjectHashTable.get_item
  File "pandas/_libs/hashtable_class_helper.pxi", line 7088, in pandas._libs.hashtable.PyObjectHashTable.get_item
KeyError: 'selftext'

The above exception was the direct cause of the following exception:

Traceback (most recent call last):
  File "/home/airflow/.local/lib/python3.9/site-packages/airflow/operators/python.py", line 192, in execute
    return_value = self.execute_callable()
  File "/home/airflow/.local/lib/python3.9/site-packages/airflow/operators/python.py", line 209, in execute_callable
    return self.python_callable(*self.op_args, **self.op_kwargs)
  File "/opt/airflow/pipelines/reddit_pipeline.py", line 12, in reddit_pipeline
    post_df = transform_data(post_df)
  File "/opt/airflow/etls/reddit_etl.py", line 43, in transform_data
    post_df['selftext']
  File "/home/airflow/.local/lib/python3.9/site-packages/pandas/core/frame.py", line 3896, in __getitem__
    indexer = self.columns.get_loc(key)
  File "/home/airflow/.local/lib/python3.9/site-packages/pandas/core/indexes/base.py", line 3797, in get_loc
    raise KeyError(key) from err
KeyError: 'selftext'
[2023-10-29T00:00:02.014+0000] {taskinstance.py:1400} INFO - Marking task as FAILED. dag_id=etl_reddit_pipeline, task_id=reddit_extraction, execution_date=20231028T000000, start_date=20231029T000001, end_date=20231029T000002
[2023-10-29T00:00:02.026+0000] {standard_task_runner.py:104} ERROR - Failed to execute job 9 for task reddit_extraction ('selftext'; 432)
[2023-10-29T00:00:02.071+0000] {local_task_job_runner.py:228} INFO - Task exited with return code 1
[2023-10-29T00:00:02.088+0000] {taskinstance.py:2778} INFO - 0 downstream tasks scheduled from follow-on schedule check
